<?xml version="1.0" encoding="UTF-8"?>
<testng-results ignored="0" total="2" passed="1" failed="1" skipped="0">
  <reporter-output>
  </reporter-output>
  <suite started-at="2023-12-08T11:39:15 PST" name="Default suite" finished-at="2023-12-08T11:42:02 PST" duration-ms="167322">
    <groups>
    </groups>
    <test started-at="2023-12-08T11:39:15 PST" name="Default test" finished-at="2023-12-08T11:42:02 PST" duration-ms="167322">
      <class name="com.apex.web.test.GoogleTests">
        <test-method is-config="true" signature="setup()[pri:0, instance:com.apex.web.test.GoogleTests@3e27ba32]" started-at="2023-12-08T11:39:15 PST" name="setup" finished-at="2023-12-08T11:39:37 PST" duration-ms="21558" status="PASS">
          <reporter-output>
          </reporter-output>
        </test-method> <!-- setup -->
        <test-method signature="TestwithCorrectLogin()[pri:0, instance:com.apex.web.test.GoogleTests@3e27ba32]" started-at="2023-12-08T11:39:37 PST" name="TestwithCorrectLogin" finished-at="2023-12-08T11:40:47 PST" duration-ms="70706" status="FAIL">
          <exception class="org.openqa.selenium.TimeoutException">
            <message>
              <![CDATA[Expected condition failed: waiting for visibility of element located by By.xpath: //input[@name='password'] (tried for 10 second(s) with 500 milliseconds interval)
Build info: version: '4.12.1', revision: '8e34639b11'
System info: os.name: 'Mac OS X', os.arch: 'x86_64', os.version: '12.4', java.version: '20.0.2'
Driver info: org.openqa.selenium.chrome.ChromeDriver
Capabilities {acceptInsecureCerts: false, browserName: chrome, browserVersion: 120.0.6099.62, chrome: {chromedriverVersion: 120.0.6099.71 (9729082fe617..., userDataDir: /var/folders/wn/qqzs8nzn7qd...}, fedcm:accounts: true, goog:chromeOptions: {debuggerAddress: localhost:50400}, networkConnectionEnabled: false, pageLoadStrategy: normal, platformName: mac, proxy: Proxy(), se:cdp: ws://localhost:50400/devtoo..., se:cdpVersion: 120.0.6099.62, setWindowRect: true, strictFileInteractability: false, timeouts: {implicit: 0, pageLoad: 300000, script: 30000}, unhandledPromptBehavior: dismiss and notify, webauthn:extension:credBlob: true, webauthn:extension:largeBlob: true, webauthn:extension:minPinLength: true, webauthn:extension:prf: true, webauthn:virtualAuthenticators: true}
Session ID: 796b66f284e60ba35429e7b4f15f44fb]]>
            </message>
            <full-stacktrace>
              <![CDATA[org.openqa.selenium.TimeoutException: Expected condition failed: waiting for visibility of element located by By.xpath: //input[@name='password'] (tried for 10 second(s) with 500 milliseconds interval)
Build info: version: '4.12.1', revision: '8e34639b11'
System info: os.name: 'Mac OS X', os.arch: 'x86_64', os.version: '12.4', java.version: '20.0.2'
Driver info: org.openqa.selenium.chrome.ChromeDriver
Capabilities {acceptInsecureCerts: false, browserName: chrome, browserVersion: 120.0.6099.62, chrome: {chromedriverVersion: 120.0.6099.71 (9729082fe617..., userDataDir: /var/folders/wn/qqzs8nzn7qd...}, fedcm:accounts: true, goog:chromeOptions: {debuggerAddress: localhost:50400}, networkConnectionEnabled: false, pageLoadStrategy: normal, platformName: mac, proxy: Proxy(), se:cdp: ws://localhost:50400/devtoo..., se:cdpVersion: 120.0.6099.62, setWindowRect: true, strictFileInteractability: false, timeouts: {implicit: 0, pageLoad: 300000, script: 30000}, unhandledPromptBehavior: dismiss and notify, webauthn:extension:credBlob: true, webauthn:extension:largeBlob: true, webauthn:extension:minPinLength: true, webauthn:extension:prf: true, webauthn:virtualAuthenticators: true}
Session ID: 796b66f284e60ba35429e7b4f15f44fb
at org.openqa.selenium.support.ui.WebDriverWait.timeoutException(WebDriverWait.java:84)
at org.openqa.selenium.support.ui.FluentWait.until(FluentWait.java:230)
at com.apex.web.test.GoogleTests.TestwithCorrectLogin(GoogleTests.java:54)
at java.base/jdk.internal.reflect.DirectMethodHandleAccessor.invoke(DirectMethodHandleAccessor.java:104)
at java.base/java.lang.reflect.Method.invoke(Method.java:578)
at org.testng.internal.invokers.MethodInvocationHelper.invokeMethod(MethodInvocationHelper.java:139)
at org.testng.internal.invokers.TestInvoker.invokeMethod(TestInvoker.java:664)
at org.testng.internal.invokers.TestInvoker.invokeTestMethod(TestInvoker.java:227)
at org.testng.internal.invokers.MethodRunner.runInSequence(MethodRunner.java:50)
at org.testng.internal.invokers.TestInvoker$MethodInvocationAgent.invoke(TestInvoker.java:957)
at org.testng.internal.invokers.TestInvoker.invokeTestMethods(TestInvoker.java:200)
at org.testng.internal.invokers.TestMethodWorker.invokeTestMethods(TestMethodWorker.java:148)
at org.testng.internal.invokers.TestMethodWorker.run(TestMethodWorker.java:128)
at java.base/java.util.ArrayList.forEach(ArrayList.java:1511)
at org.testng.TestRunner.privateRun(TestRunner.java:848)
at org.testng.TestRunner.run(TestRunner.java:621)
at org.testng.SuiteRunner.runTest(SuiteRunner.java:443)
at org.testng.SuiteRunner.runSequentially(SuiteRunner.java:437)
at org.testng.SuiteRunner.privateRun(SuiteRunner.java:397)
at org.testng.SuiteRunner.run(SuiteRunner.java:336)
at org.testng.SuiteRunnerWorker.runSuite(SuiteRunnerWorker.java:52)
at org.testng.SuiteRunnerWorker.run(SuiteRunnerWorker.java:95)
at org.testng.TestNG.runSuitesSequentially(TestNG.java:1280)
at org.testng.TestNG.runSuitesLocally(TestNG.java:1200)
at org.testng.TestNG.runSuites(TestNG.java:1114)
at org.testng.TestNG.run(TestNG.java:1082)
at org.testng.remote.AbstractRemoteTestNG.run(AbstractRemoteTestNG.java:115)
at org.testng.remote.RemoteTestNG.initAndRun(RemoteTestNG.java:251)
at org.testng.remote.RemoteTestNG.main(RemoteTestNG.java:77)
]]>
            </full-stacktrace>
          </exception> <!-- org.openqa.selenium.TimeoutException -->
          <reporter-output>
          </reporter-output>
        </test-method> <!-- TestwithCorrectLogin -->
        <test-method is-config="true" signature="cleanUp()[pri:0, instance:com.apex.web.test.GoogleTests@3e27ba32]" started-at="2023-12-08T11:40:47 PST" name="cleanUp" finished-at="2023-12-08T11:40:48 PST" duration-ms="583" status="PASS">
          <reporter-output>
          </reporter-output>
        </test-method> <!-- cleanUp -->
        <test-method is-config="true" signature="setup()[pri:0, instance:com.apex.web.test.GoogleTests@3e27ba32]" started-at="2023-12-08T11:40:48 PST" name="setup" finished-at="2023-12-08T11:41:05 PST" duration-ms="17343" status="PASS">
          <reporter-output>
          </reporter-output>
        </test-method> <!-- setup -->
        <test-method signature="TestwithTextInput()[pri:0, instance:com.apex.web.test.GoogleTests@3e27ba32]" started-at="2023-12-08T11:41:05 PST" name="TestwithTextInput" finished-at="2023-12-08T11:42:01 PST" duration-ms="55453" status="PASS">
          <reporter-output>
          </reporter-output>
        </test-method> <!-- TestwithTextInput -->
        <test-method is-config="true" signature="cleanUp()[pri:0, instance:com.apex.web.test.GoogleTests@3e27ba32]" started-at="2023-12-08T11:42:01 PST" name="cleanUp" finished-at="2023-12-08T11:42:02 PST" duration-ms="1476" status="PASS">
          <reporter-output>
          </reporter-output>
        </test-method> <!-- cleanUp -->
      </class> <!-- com.apex.web.test.GoogleTests -->
    </test> <!-- Default test -->
  </suite> <!-- Default suite -->
</testng-results>
